<?xml version="1.0" encoding="UTF-8"?>
<testsuite name="org.example.UserLabRolesTest" tests="1" skipped="0" failures="0" errors="0" timestamp="2023-05-21T22:32:16" hostname="freddie-mercury.localdomain" time="0.013">
  <properties/>
  <testcase name="getHighestLabRoleShouldReturnDependingOnUser()" classname="org.example.UserLabRolesTest" time="0.013"/>
  <system-out><![CDATA[]]></system-out>
  <system-err><![CDATA[]]></system-err>
</testsuite>
